{"D:\\Проекты\\MODSEN 2022\\MeetUp-API\\db.js": {"path":"D:\\Проекты\\MODSEN 2022\\MeetUp-API\\db.js","statementMap":{"0":{"start":{"line":1,"column":22},"end":{"line":1,"column":42}},"1":{"start":{"line":2,"column":15},"end":{"line":2,"column":35}},"2":{"start":{"line":4,"column":0},"end":{"line":14,"column":2}},"3":{"start":{"line":12,"column":27},"end":{"line":12,"column":47}}},"fnMap":{"0":{"name":"(anonymous_0)","decl":{"start":{"line":12,"column":13},"end":{"line":12,"column":14}},"loc":{"start":{"line":12,"column":26},"end":{"line":12,"column":48}},"line":12}},"branchMap":{},"s":{"0":4,"1":4,"2":4,"3":270},"f":{"0":270},"b":{},"_coverageSchema":"1a1c01bbd47fc00a2c39e90264f33305004495a9","hash":"e2945a8980b20950027232b3ccb3f78ee45c02c8"}
,"D:\\Проекты\\MODSEN 2022\\MeetUp-API\\passport-setup.js": {"path":"D:\\Проекты\\MODSEN 2022\\MeetUp-API\\passport-setup.js","statementMap":{"0":{"start":{"line":1,"column":17},"end":{"line":1,"column":36}},"1":{"start":{"line":2,"column":23},"end":{"line":2,"column":66}},"2":{"start":{"line":3,"column":20},"end":{"line":3,"column":45}},"3":{"start":{"line":4,"column":0},"end":{"line":4,"column":27}},"4":{"start":{"line":6,"column":0},"end":{"line":8,"column":2}},"5":{"start":{"line":7,"column":2},"end":{"line":7,"column":18}},"6":{"start":{"line":9,"column":0},"end":{"line":11,"column":2}},"7":{"start":{"line":10,"column":2},"end":{"line":10,"column":18}},"8":{"start":{"line":13,"column":0},"end":{"line":31,"column":2}},"9":{"start":{"line":19,"column":37},"end":{"line":19,"column":44}},"10":{"start":{"line":20,"column":18},"end":{"line":20,"column":75}},"11":{"start":{"line":21,"column":17},"end":{"line":27,"column":5}},"12":{"start":{"line":28,"column":4},"end":{"line":28,"column":28}}},"fnMap":{"0":{"name":"(anonymous_0)","decl":{"start":{"line":6,"column":23},"end":{"line":6,"column":24}},"loc":{"start":{"line":6,"column":44},"end":{"line":8,"column":1}},"line":6},"1":{"name":"(anonymous_1)","decl":{"start":{"line":9,"column":25},"end":{"line":9,"column":26}},"loc":{"start":{"line":9,"column":46},"end":{"line":11,"column":1}},"line":9},"2":{"name":"userInfo","decl":{"start":{"line":18,"column":17},"end":{"line":18,"column":25}},"loc":{"start":{"line":18,"column":68},"end":{"line":29,"column":3}},"line":18}},"branchMap":{},"s":{"0":3,"1":3,"2":3,"3":3,"4":3,"5":0,"6":3,"7":0,"8":3,"9":0,"10":0,"11":0,"12":0},"f":{"0":0,"1":0,"2":0},"b":{},"_coverageSchema":"1a1c01bbd47fc00a2c39e90264f33305004495a9","hash":"79b4c756885366ee884065211386376ed34eba01"}
,"D:\\Проекты\\MODSEN 2022\\MeetUp-API\\server.js": {"path":"D:\\Проекты\\MODSEN 2022\\MeetUp-API\\server.js","statementMap":{"0":{"start":{"line":1,"column":16},"end":{"line":1,"column":34}},"1":{"start":{"line":2,"column":15},"end":{"line":2,"column":40}},"2":{"start":{"line":3,"column":24},"end":{"line":3,"column":55}},"3":{"start":{"line":4,"column":21},"end":{"line":4,"column":67}},"4":{"start":{"line":5,"column":18},"end":{"line":5,"column":47}},"5":{"start":{"line":6,"column":11},"end":{"line":6,"column":24}},"6":{"start":{"line":7,"column":15},"end":{"line":7,"column":32}},"7":{"start":{"line":8,"column":13},"end":{"line":8,"column":28}},"8":{"start":{"line":9,"column":12},"end":{"line":9,"column":21}},"9":{"start":{"line":11,"column":21},"end":{"line":19,"column":1}},"10":{"start":{"line":12,"column":28},"end":{"line":12,"column":106}},"11":{"start":{"line":13,"column":4},"end":{"line":13,"column":28}},"12":{"start":{"line":14,"column":4},"end":{"line":14,"column":28}},"13":{"start":{"line":15,"column":4},"end":{"line":15,"column":76}},"14":{"start":{"line":16,"column":4},"end":{"line":16,"column":60}},"15":{"start":{"line":17,"column":4},"end":{"line":17,"column":26}},"16":{"start":{"line":18,"column":4},"end":{"line":18,"column":14}},"17":{"start":{"line":21,"column":0},"end":{"line":23,"column":1}}},"fnMap":{"0":{"name":"(anonymous_0)","decl":{"start":{"line":11,"column":21},"end":{"line":11,"column":22}},"loc":{"start":{"line":11,"column":31},"end":{"line":19,"column":1}},"line":11}},"branchMap":{},"s":{"0":3,"1":3,"2":3,"3":3,"4":3,"5":3,"6":3,"7":3,"8":3,"9":3,"10":3,"11":3,"12":3,"13":3,"14":3,"15":3,"16":3,"17":3},"f":{"0":3},"b":{},"_coverageSchema":"1a1c01bbd47fc00a2c39e90264f33305004495a9","hash":"c5c9dc61606146061c2e9bc2f695b36a05e415ef"}
,"D:\\Проекты\\MODSEN 2022\\MeetUp-API\\controllers\\meetup.js": {"path":"D:\\Проекты\\MODSEN 2022\\MeetUp-API\\controllers\\meetup.js","statementMap":{"0":{"start":{"line":1,"column":17},"end":{"line":1,"column":45}},"1":{"start":{"line":2,"column":56},"end":{"line":2,"column":84}},"2":{"start":{"line":3,"column":22},"end":{"line":3,"column":50}},"3":{"start":{"line":4,"column":12},"end":{"line":4,"column":35}},"4":{"start":{"line":7,"column":20},"end":{"line":9,"column":1}},"5":{"start":{"line":8,"column":4},"end":{"line":8,"column":67}},"6":{"start":{"line":13,"column":8},"end":{"line":27,"column":9}},"7":{"start":{"line":14,"column":55},"end":{"line":14,"column":64}},"8":{"start":{"line":15,"column":12},"end":{"line":15,"column":57}},"9":{"start":{"line":16,"column":28},"end":{"line":16,"column":88}},"10":{"start":{"line":17,"column":12},"end":{"line":17,"column":48}},"11":{"start":{"line":19,"column":12},"end":{"line":21,"column":13}},"12":{"start":{"line":20,"column":16},"end":{"line":20,"column":79}},"13":{"start":{"line":22,"column":12},"end":{"line":26,"column":13}},"14":{"start":{"line":23,"column":16},"end":{"line":23,"column":79}},"15":{"start":{"line":25,"column":16},"end":{"line":25,"column":39}},"16":{"start":{"line":30,"column":8},"end":{"line":44,"column":9}},"17":{"start":{"line":31,"column":25},"end":{"line":31,"column":35}},"18":{"start":{"line":32,"column":12},"end":{"line":32,"column":58}},"19":{"start":{"line":33,"column":27},"end":{"line":33,"column":57}},"20":{"start":{"line":34,"column":12},"end":{"line":34,"column":47}},"21":{"start":{"line":36,"column":12},"end":{"line":38,"column":13}},"22":{"start":{"line":37,"column":16},"end":{"line":37,"column":99}},"23":{"start":{"line":39,"column":12},"end":{"line":43,"column":13}},"24":{"start":{"line":40,"column":16},"end":{"line":40,"column":79}},"25":{"start":{"line":42,"column":16},"end":{"line":42,"column":39}},"26":{"start":{"line":47,"column":8},"end":{"line":57,"column":9}},"27":{"start":{"line":48,"column":12},"end":{"line":48,"column":55}},"28":{"start":{"line":49,"column":27},"end":{"line":49,"column":65}},"29":{"start":{"line":50,"column":27},"end":{"line":50,"column":87}},"30":{"start":{"line":51,"column":12},"end":{"line":51,"column":47}},"31":{"start":{"line":53,"column":12},"end":{"line":55,"column":13}},"32":{"start":{"line":54,"column":16},"end":{"line":54,"column":79}},"33":{"start":{"line":56,"column":12},"end":{"line":56,"column":35}},"34":{"start":{"line":60,"column":8},"end":{"line":76,"column":9}},"35":{"start":{"line":61,"column":25},"end":{"line":61,"column":35}},"36":{"start":{"line":62,"column":34},"end":{"line":62,"column":42}},"37":{"start":{"line":63,"column":12},"end":{"line":63,"column":73}},"38":{"start":{"line":64,"column":12},"end":{"line":64,"column":58}},"39":{"start":{"line":65,"column":27},"end":{"line":65,"column":70}},"40":{"start":{"line":66,"column":12},"end":{"line":66,"column":47}},"41":{"start":{"line":68,"column":12},"end":{"line":70,"column":13}},"42":{"start":{"line":69,"column":16},"end":{"line":69,"column":79}},"43":{"start":{"line":71,"column":12},"end":{"line":75,"column":13}},"44":{"start":{"line":72,"column":16},"end":{"line":72,"column":79}},"45":{"start":{"line":74,"column":16},"end":{"line":74,"column":39}},"46":{"start":{"line":79,"column":8},"end":{"line":93,"column":9}},"47":{"start":{"line":80,"column":25},"end":{"line":80,"column":35}},"48":{"start":{"line":81,"column":12},"end":{"line":81,"column":58}},"49":{"start":{"line":82,"column":30},"end":{"line":82,"column":60}},"50":{"start":{"line":83,"column":12},"end":{"line":83,"column":56}},"51":{"start":{"line":85,"column":12},"end":{"line":87,"column":13}},"52":{"start":{"line":86,"column":16},"end":{"line":86,"column":79}},"53":{"start":{"line":88,"column":12},"end":{"line":92,"column":13}},"54":{"start":{"line":89,"column":16},"end":{"line":89,"column":79}},"55":{"start":{"line":91,"column":16},"end":{"line":91,"column":39}},"56":{"start":{"line":97,"column":0},"end":{"line":97,"column":39}}},"fnMap":{"0":{"name":"(anonymous_0)","decl":{"start":{"line":7,"column":20},"end":{"line":7,"column":21}},"loc":{"start":{"line":7,"column":31},"end":{"line":9,"column":1}},"line":7},"1":{"name":"(anonymous_1)","decl":{"start":{"line":12,"column":4},"end":{"line":12,"column":5}},"loc":{"start":{"line":12,"column":32},"end":{"line":28,"column":5}},"line":12},"2":{"name":"(anonymous_2)","decl":{"start":{"line":29,"column":4},"end":{"line":29,"column":5}},"loc":{"start":{"line":29,"column":32},"end":{"line":45,"column":5}},"line":29},"3":{"name":"(anonymous_3)","decl":{"start":{"line":46,"column":4},"end":{"line":46,"column":5}},"loc":{"start":{"line":46,"column":32},"end":{"line":58,"column":5}},"line":46},"4":{"name":"(anonymous_4)","decl":{"start":{"line":59,"column":4},"end":{"line":59,"column":5}},"loc":{"start":{"line":59,"column":32},"end":{"line":77,"column":5}},"line":59},"5":{"name":"(anonymous_5)","decl":{"start":{"line":78,"column":4},"end":{"line":78,"column":5}},"loc":{"start":{"line":78,"column":32},"end":{"line":94,"column":5}},"line":78}},"branchMap":{"0":{"loc":{"start":{"line":19,"column":12},"end":{"line":21,"column":13}},"type":"if","locations":[{"start":{"line":19,"column":12},"end":{"line":21,"column":13}},{"start":{},"end":{}}],"line":19},"1":{"loc":{"start":{"line":22,"column":12},"end":{"line":26,"column":13}},"type":"if","locations":[{"start":{"line":22,"column":12},"end":{"line":26,"column":13}},{"start":{"line":24,"column":19},"end":{"line":26,"column":13}}],"line":22},"2":{"loc":{"start":{"line":36,"column":12},"end":{"line":38,"column":13}},"type":"if","locations":[{"start":{"line":36,"column":12},"end":{"line":38,"column":13}},{"start":{},"end":{}}],"line":36},"3":{"loc":{"start":{"line":39,"column":12},"end":{"line":43,"column":13}},"type":"if","locations":[{"start":{"line":39,"column":12},"end":{"line":43,"column":13}},{"start":{"line":41,"column":19},"end":{"line":43,"column":13}}],"line":39},"4":{"loc":{"start":{"line":53,"column":12},"end":{"line":55,"column":13}},"type":"if","locations":[{"start":{"line":53,"column":12},"end":{"line":55,"column":13}},{"start":{},"end":{}}],"line":53},"5":{"loc":{"start":{"line":68,"column":12},"end":{"line":70,"column":13}},"type":"if","locations":[{"start":{"line":68,"column":12},"end":{"line":70,"column":13}},{"start":{},"end":{}}],"line":68},"6":{"loc":{"start":{"line":71,"column":12},"end":{"line":75,"column":13}},"type":"if","locations":[{"start":{"line":71,"column":12},"end":{"line":75,"column":13}},{"start":{"line":73,"column":19},"end":{"line":75,"column":13}}],"line":71},"7":{"loc":{"start":{"line":85,"column":12},"end":{"line":87,"column":13}},"type":"if","locations":[{"start":{"line":85,"column":12},"end":{"line":87,"column":13}},{"start":{},"end":{}}],"line":85},"8":{"loc":{"start":{"line":88,"column":12},"end":{"line":92,"column":13}},"type":"if","locations":[{"start":{"line":88,"column":12},"end":{"line":92,"column":13}},{"start":{"line":90,"column":19},"end":{"line":92,"column":13}}],"line":88}},"s":{"0":3,"1":3,"2":3,"3":3,"4":3,"5":21,"6":6,"7":6,"8":6,"9":5,"10":4,"11":2,"12":1,"13":1,"14":1,"15":0,"16":3,"17":3,"18":3,"19":2,"20":1,"21":2,"22":1,"23":1,"24":1,"25":0,"26":22,"27":22,"28":21,"29":21,"30":21,"31":1,"32":1,"33":0,"34":3,"35":3,"36":3,"37":3,"38":2,"39":2,"40":1,"41":2,"42":1,"43":1,"44":1,"45":0,"46":3,"47":3,"48":3,"49":2,"50":1,"51":2,"52":1,"53":1,"54":1,"55":0,"56":3},"f":{"0":21,"1":6,"2":3,"3":22,"4":3,"5":3},"b":{"0":[1,1],"1":[1,0],"2":[1,1],"3":[1,0],"4":[1,0],"5":[1,1],"6":[1,0],"7":[1,1],"8":[1,0]},"_coverageSchema":"1a1c01bbd47fc00a2c39e90264f33305004495a9","hash":"e785acdc56dc07655446c8fc13f52ce35be7805f"}
,"D:\\Проекты\\MODSEN 2022\\MeetUp-API\\controllers\\user.js": {"path":"D:\\Проекты\\MODSEN 2022\\MeetUp-API\\controllers\\user.js","statementMap":{"0":{"start":{"line":1,"column":17},"end":{"line":1,"column":45}},"1":{"start":{"line":2,"column":20},"end":{"line":2,"column":46}},"2":{"start":{"line":3,"column":20},"end":{"line":3,"column":46}},"3":{"start":{"line":7,"column":4},"end":{"line":23,"column":5}},"4":{"start":{"line":8,"column":40},"end":{"line":8,"column":48}},"5":{"start":{"line":9,"column":6},"end":{"line":9,"column":72}},"6":{"start":{"line":10,"column":6},"end":{"line":12,"column":7}},"7":{"start":{"line":11,"column":8},"end":{"line":11,"column":63}},"8":{"start":{"line":13,"column":20},"end":{"line":13,"column":73}},"9":{"start":{"line":14,"column":6},"end":{"line":14,"column":45}},"10":{"start":{"line":16,"column":6},"end":{"line":18,"column":7}},"11":{"start":{"line":17,"column":8},"end":{"line":17,"column":71}},"12":{"start":{"line":19,"column":6},"end":{"line":21,"column":7}},"13":{"start":{"line":20,"column":8},"end":{"line":20,"column":71}},"14":{"start":{"line":22,"column":6},"end":{"line":22,"column":29}},"15":{"start":{"line":26,"column":4},"end":{"line":40,"column":5}},"16":{"start":{"line":27,"column":34},"end":{"line":27,"column":42}},"17":{"start":{"line":28,"column":6},"end":{"line":28,"column":72}},"18":{"start":{"line":29,"column":20},"end":{"line":29,"column":60}},"19":{"start":{"line":30,"column":6},"end":{"line":30,"column":45}},"20":{"start":{"line":32,"column":6},"end":{"line":34,"column":7}},"21":{"start":{"line":33,"column":8},"end":{"line":33,"column":76}},"22":{"start":{"line":35,"column":6},"end":{"line":39,"column":7}},"23":{"start":{"line":36,"column":8},"end":{"line":36,"column":71}},"24":{"start":{"line":38,"column":8},"end":{"line":38,"column":31}},"25":{"start":{"line":43,"column":18},"end":{"line":43,"column":51}},"26":{"start":{"line":44,"column":4},"end":{"line":44,"column":43}},"27":{"start":{"line":48,"column":0},"end":{"line":48,"column":38}}},"fnMap":{"0":{"name":"(anonymous_0)","decl":{"start":{"line":6,"column":2},"end":{"line":6,"column":3}},"loc":{"start":{"line":6,"column":37},"end":{"line":24,"column":3}},"line":6},"1":{"name":"(anonymous_1)","decl":{"start":{"line":25,"column":2},"end":{"line":25,"column":3}},"loc":{"start":{"line":25,"column":30},"end":{"line":41,"column":3}},"line":25},"2":{"name":"(anonymous_2)","decl":{"start":{"line":42,"column":2},"end":{"line":42,"column":3}},"loc":{"start":{"line":42,"column":24},"end":{"line":45,"column":3}},"line":42}},"branchMap":{"0":{"loc":{"start":{"line":10,"column":6},"end":{"line":12,"column":7}},"type":"if","locations":[{"start":{"line":10,"column":6},"end":{"line":12,"column":7}},{"start":{},"end":{}}],"line":10},"1":{"loc":{"start":{"line":10,"column":10},"end":{"line":10,"column":34}},"type":"binary-expr","locations":[{"start":{"line":10,"column":10},"end":{"line":10,"column":14}},{"start":{"line":10,"column":18},"end":{"line":10,"column":34}}],"line":10},"2":{"loc":{"start":{"line":16,"column":6},"end":{"line":18,"column":7}},"type":"if","locations":[{"start":{"line":16,"column":6},"end":{"line":18,"column":7}},{"start":{},"end":{}}],"line":16},"3":{"loc":{"start":{"line":19,"column":6},"end":{"line":21,"column":7}},"type":"if","locations":[{"start":{"line":19,"column":6},"end":{"line":21,"column":7}},{"start":{},"end":{}}],"line":19},"4":{"loc":{"start":{"line":32,"column":6},"end":{"line":34,"column":7}},"type":"if","locations":[{"start":{"line":32,"column":6},"end":{"line":34,"column":7}},{"start":{},"end":{}}],"line":32},"5":{"loc":{"start":{"line":35,"column":6},"end":{"line":39,"column":7}},"type":"if","locations":[{"start":{"line":35,"column":6},"end":{"line":39,"column":7}},{"start":{"line":37,"column":13},"end":{"line":39,"column":7}}],"line":35}},"s":{"0":3,"1":3,"2":3,"3":4,"4":4,"5":4,"6":3,"7":1,"8":2,"9":1,"10":2,"11":1,"12":1,"13":1,"14":0,"15":4,"16":4,"17":4,"18":3,"19":1,"20":3,"21":1,"22":2,"23":2,"24":0,"25":2,"26":2,"27":3},"f":{"0":4,"1":4,"2":2},"b":{"0":[1,2],"1":[3,1],"2":[1,1],"3":[1,0],"4":[1,2],"5":[2,0]},"_coverageSchema":"1a1c01bbd47fc00a2c39e90264f33305004495a9","hash":"56c85f1fa33554767ba9d4a38dfad943793234ab"}
,"D:\\Проекты\\MODSEN 2022\\MeetUp-API\\dto\\meetup.dto.js": {"path":"D:\\Проекты\\MODSEN 2022\\MeetUp-API\\dto\\meetup.dto.js","statementMap":{"0":{"start":{"line":1,"column":12},"end":{"line":1,"column":26}},"1":{"start":{"line":3,"column":22},"end":{"line":8,"column":2}},"2":{"start":{"line":10,"column":23},"end":{"line":16,"column":2}},"3":{"start":{"line":18,"column":23},"end":{"line":20,"column":2}},"4":{"start":{"line":22,"column":0},"end":{"line":24,"column":2}}},"fnMap":{},"branchMap":{},"s":{"0":3,"1":3,"2":3,"3":3,"4":3},"f":{},"b":{},"_coverageSchema":"1a1c01bbd47fc00a2c39e90264f33305004495a9","hash":"cb705743d3c805204e09a11f45acc6cffd1d5c2b"}
,"D:\\Проекты\\MODSEN 2022\\MeetUp-API\\dto\\user.dto.js": {"path":"D:\\Проекты\\MODSEN 2022\\MeetUp-API\\dto\\user.dto.js","statementMap":{"0":{"start":{"line":1,"column":12},"end":{"line":1,"column":26}},"1":{"start":{"line":3,"column":16},"end":{"line":10,"column":2}},"2":{"start":{"line":12,"column":0},"end":{"line":14,"column":2}}},"fnMap":{},"branchMap":{},"s":{"0":3,"1":3,"2":3},"f":{},"b":{},"_coverageSchema":"1a1c01bbd47fc00a2c39e90264f33305004495a9","hash":"6767c39bd092fab4e0def4867247361f3d2a3bcb"}
,"D:\\Проекты\\MODSEN 2022\\MeetUp-API\\error\\apiError.js": {"path":"D:\\Проекты\\MODSEN 2022\\MeetUp-API\\error\\apiError.js","statementMap":{"0":{"start":{"line":3,"column":4},"end":{"line":3,"column":12}},"1":{"start":{"line":4,"column":4},"end":{"line":4,"column":25}},"2":{"start":{"line":5,"column":4},"end":{"line":5,"column":27}},"3":{"start":{"line":9,"column":19},"end":{"line":9,"column":45}},"4":{"start":{"line":10,"column":4},"end":{"line":10,"column":33}},"5":{"start":{"line":11,"column":4},"end":{"line":11,"column":19}},"6":{"start":{"line":14,"column":19},"end":{"line":14,"column":45}},"7":{"start":{"line":15,"column":4},"end":{"line":15,"column":30}},"8":{"start":{"line":16,"column":4},"end":{"line":16,"column":19}},"9":{"start":{"line":19,"column":19},"end":{"line":19,"column":45}},"10":{"start":{"line":20,"column":4},"end":{"line":20,"column":31}},"11":{"start":{"line":21,"column":4},"end":{"line":21,"column":19}},"12":{"start":{"line":24,"column":0},"end":{"line":24,"column":26}}},"fnMap":{"0":{"name":"(anonymous_0)","decl":{"start":{"line":2,"column":2},"end":{"line":2,"column":3}},"loc":{"start":{"line":2,"column":31},"end":{"line":6,"column":3}},"line":2},"1":{"name":"(anonymous_1)","decl":{"start":{"line":8,"column":2},"end":{"line":8,"column":3}},"loc":{"start":{"line":8,"column":29},"end":{"line":12,"column":3}},"line":8},"2":{"name":"(anonymous_2)","decl":{"start":{"line":13,"column":2},"end":{"line":13,"column":3}},"loc":{"start":{"line":13,"column":27},"end":{"line":17,"column":3}},"line":13},"3":{"name":"(anonymous_3)","decl":{"start":{"line":18,"column":2},"end":{"line":18,"column":3}},"loc":{"start":{"line":18,"column":27},"end":{"line":22,"column":3}},"line":18}},"branchMap":{},"s":{"0":18,"1":18,"2":18,"3":10,"4":10,"5":10,"6":0,"7":0,"8":0,"9":8,"10":8,"11":8,"12":4},"f":{"0":18,"1":10,"2":0,"3":8},"b":{},"_coverageSchema":"1a1c01bbd47fc00a2c39e90264f33305004495a9","hash":"d6804f08d4d2f4225e9fb83f78b89d12b5ed9071"}
,"D:\\Проекты\\MODSEN 2022\\MeetUp-API\\log\\log.js": {"path":"D:\\Проекты\\MODSEN 2022\\MeetUp-API\\log\\log.js","statementMap":{"0":{"start":{"line":1,"column":45},"end":{"line":1,"column":63}},"1":{"start":{"line":3,"column":21},"end":{"line":5,"column":4}},"2":{"start":{"line":4,"column":4},"end":{"line":4,"column":88}},"3":{"start":{"line":7,"column":15},"end":{"line":14,"column":2}},"4":{"start":{"line":15,"column":0},"end":{"line":15,"column":24}}},"fnMap":{"0":{"name":"(anonymous_0)","decl":{"start":{"line":3,"column":70},"end":{"line":3,"column":71}},"loc":{"start":{"line":3,"column":80},"end":{"line":5,"column":2}},"line":3}},"branchMap":{},"s":{"0":4,"1":4,"2":278,"3":4,"4":4},"f":{"0":278},"b":{},"_coverageSchema":"1a1c01bbd47fc00a2c39e90264f33305004495a9","hash":"41e303b85f08304a768540c681187b90d3dce39f"}
,"D:\\Проекты\\MODSEN 2022\\MeetUp-API\\middleware\\authMiddleware.js": {"path":"D:\\Проекты\\MODSEN 2022\\MeetUp-API\\middleware\\authMiddleware.js","statementMap":{"0":{"start":{"line":1,"column":12},"end":{"line":1,"column":35}},"1":{"start":{"line":3,"column":0},"end":{"line":18,"column":2}},"2":{"start":{"line":4,"column":2},"end":{"line":6,"column":3}},"3":{"start":{"line":5,"column":4},"end":{"line":5,"column":11}},"4":{"start":{"line":7,"column":2},"end":{"line":17,"column":3}},"5":{"start":{"line":8,"column":18},"end":{"line":8,"column":57}},"6":{"start":{"line":9,"column":4},"end":{"line":11,"column":5}},"7":{"start":{"line":10,"column":6},"end":{"line":10,"column":76}},"8":{"start":{"line":12,"column":20},"end":{"line":12,"column":61}},"9":{"start":{"line":13,"column":4},"end":{"line":13,"column":23}},"10":{"start":{"line":14,"column":4},"end":{"line":14,"column":11}},"11":{"start":{"line":16,"column":4},"end":{"line":16,"column":67}}},"fnMap":{"0":{"name":"(anonymous_0)","decl":{"start":{"line":3,"column":17},"end":{"line":3,"column":18}},"loc":{"start":{"line":3,"column":43},"end":{"line":18,"column":1}},"line":3}},"branchMap":{"0":{"loc":{"start":{"line":4,"column":2},"end":{"line":6,"column":3}},"type":"if","locations":[{"start":{"line":4,"column":2},"end":{"line":6,"column":3}},{"start":{},"end":{}}],"line":4},"1":{"loc":{"start":{"line":9,"column":4},"end":{"line":11,"column":5}},"type":"if","locations":[{"start":{"line":9,"column":4},"end":{"line":11,"column":5}},{"start":{},"end":{}}],"line":9}},"s":{"0":3,"1":3,"2":2,"3":0,"4":2,"5":2,"6":2,"7":0,"8":2,"9":2,"10":2,"11":0},"f":{"0":2},"b":{"0":[0,2],"1":[0,2]},"_coverageSchema":"1a1c01bbd47fc00a2c39e90264f33305004495a9","hash":"d6088ba551ad1344bbb2d07ecdc04c2f777934a0"}
,"D:\\Проекты\\MODSEN 2022\\MeetUp-API\\middleware\\checkRoleMiddleware.js": {"path":"D:\\Проекты\\MODSEN 2022\\MeetUp-API\\middleware\\checkRoleMiddleware.js","statementMap":{"0":{"start":{"line":1,"column":12},"end":{"line":1,"column":35}},"1":{"start":{"line":3,"column":0},"end":{"line":25,"column":2}},"2":{"start":{"line":4,"column":2},"end":{"line":24,"column":4}},"3":{"start":{"line":5,"column":4},"end":{"line":7,"column":5}},"4":{"start":{"line":6,"column":6},"end":{"line":6,"column":13}},"5":{"start":{"line":8,"column":4},"end":{"line":23,"column":5}},"6":{"start":{"line":9,"column":20},"end":{"line":9,"column":59}},"7":{"start":{"line":10,"column":6},"end":{"line":12,"column":7}},"8":{"start":{"line":11,"column":8},"end":{"line":11,"column":78}},"9":{"start":{"line":13,"column":22},"end":{"line":13,"column":63}},"10":{"start":{"line":14,"column":6},"end":{"line":18,"column":7}},"11":{"start":{"line":15,"column":8},"end":{"line":17,"column":62}},"12":{"start":{"line":19,"column":6},"end":{"line":19,"column":25}},"13":{"start":{"line":20,"column":6},"end":{"line":20,"column":13}},"14":{"start":{"line":22,"column":6},"end":{"line":22,"column":69}}},"fnMap":{"0":{"name":"(anonymous_0)","decl":{"start":{"line":3,"column":17},"end":{"line":3,"column":18}},"loc":{"start":{"line":3,"column":33},"end":{"line":25,"column":1}},"line":3},"1":{"name":"(anonymous_1)","decl":{"start":{"line":4,"column":9},"end":{"line":4,"column":10}},"loc":{"start":{"line":4,"column":35},"end":{"line":24,"column":3}},"line":4}},"branchMap":{"0":{"loc":{"start":{"line":5,"column":4},"end":{"line":7,"column":5}},"type":"if","locations":[{"start":{"line":5,"column":4},"end":{"line":7,"column":5}},{"start":{},"end":{}}],"line":5},"1":{"loc":{"start":{"line":10,"column":6},"end":{"line":12,"column":7}},"type":"if","locations":[{"start":{"line":10,"column":6},"end":{"line":12,"column":7}},{"start":{},"end":{}}],"line":10},"2":{"loc":{"start":{"line":14,"column":6},"end":{"line":18,"column":7}},"type":"if","locations":[{"start":{"line":14,"column":6},"end":{"line":18,"column":7}},{"start":{},"end":{}}],"line":14}},"s":{"0":3,"1":3,"2":9,"3":31,"4":0,"5":31,"6":31,"7":29,"8":0,"9":29,"10":29,"11":1,"12":28,"13":28,"14":2},"f":{"0":9,"1":31},"b":{"0":[0,31],"1":[0,29],"2":[1,28]},"_coverageSchema":"1a1c01bbd47fc00a2c39e90264f33305004495a9","hash":"7b236025921c580f7ff356895b9680ead0f65b7f"}
,"D:\\Проекты\\MODSEN 2022\\MeetUp-API\\middleware\\errorHandlingMidleware.js": {"path":"D:\\Проекты\\MODSEN 2022\\MeetUp-API\\middleware\\errorHandlingMidleware.js","statementMap":{"0":{"start":{"line":1,"column":17},"end":{"line":1,"column":45}},"1":{"start":{"line":2,"column":15},"end":{"line":2,"column":36}},"2":{"start":{"line":4,"column":0},"end":{"line":13,"column":2}},"3":{"start":{"line":5,"column":2},"end":{"line":8,"column":3}},"4":{"start":{"line":6,"column":4},"end":{"line":6,"column":80}},"5":{"start":{"line":7,"column":4},"end":{"line":7,"column":65}},"6":{"start":{"line":9,"column":2},"end":{"line":9,"column":70}},"7":{"start":{"line":10,"column":2},"end":{"line":12,"column":43}}},"fnMap":{"0":{"name":"(anonymous_0)","decl":{"start":{"line":4,"column":17},"end":{"line":4,"column":18}},"loc":{"start":{"line":4,"column":48},"end":{"line":13,"column":1}},"line":4}},"branchMap":{"0":{"loc":{"start":{"line":5,"column":2},"end":{"line":8,"column":3}},"type":"if","locations":[{"start":{"line":5,"column":2},"end":{"line":8,"column":3}},{"start":{},"end":{}}],"line":5}},"s":{"0":3,"1":3,"2":3,"3":8,"4":8,"5":8,"6":0,"7":0},"f":{"0":8},"b":{"0":[8,0]},"_coverageSchema":"1a1c01bbd47fc00a2c39e90264f33305004495a9","hash":"40808a6f14252d700af4cfac6ae33fd1c9d9be87"}
,"D:\\Проекты\\MODSEN 2022\\MeetUp-API\\middleware\\isLoggedIn.js": {"path":"D:\\Проекты\\MODSEN 2022\\MeetUp-API\\middleware\\isLoggedIn.js","statementMap":{"0":{"start":{"line":1,"column":0},"end":{"line":3,"column":2}},"1":{"start":{"line":2,"column":3},"end":{"line":2,"column":49}}},"fnMap":{"0":{"name":"(anonymous_0)","decl":{"start":{"line":1,"column":17},"end":{"line":1,"column":18}},"loc":{"start":{"line":1,"column":43},"end":{"line":3,"column":1}},"line":1}},"branchMap":{"0":{"loc":{"start":{"line":2,"column":10},"end":{"line":2,"column":49}},"type":"cond-expr","locations":[{"start":{"line":2,"column":21},"end":{"line":2,"column":27}},{"start":{"line":2,"column":30},"end":{"line":2,"column":49}}],"line":2}},"s":{"0":4,"1":2},"f":{"0":2},"b":{"0":[1,1]},"_coverageSchema":"1a1c01bbd47fc00a2c39e90264f33305004495a9","hash":"e77404f7c1bde29190b53ead7493cd45b9eb036e"}
,"D:\\Проекты\\MODSEN 2022\\MeetUp-API\\models\\models.js": {"path":"D:\\Проекты\\MODSEN 2022\\MeetUp-API\\models\\models.js","statementMap":{"0":{"start":{"line":1,"column":18},"end":{"line":1,"column":34}},"1":{"start":{"line":2,"column":22},"end":{"line":2,"column":42}},"2":{"start":{"line":4,"column":15},"end":{"line":10,"column":2}},"3":{"start":{"line":11,"column":13},"end":{"line":16,"column":2}},"4":{"start":{"line":18,"column":0},"end":{"line":18,"column":21}},"5":{"start":{"line":19,"column":0},"end":{"line":19,"column":23}},"6":{"start":{"line":21,"column":0},"end":{"line":24,"column":2}}},"fnMap":{},"branchMap":{},"s":{"0":4,"1":4,"2":4,"3":4,"4":4,"5":4,"6":4},"f":{},"b":{},"_coverageSchema":"1a1c01bbd47fc00a2c39e90264f33305004495a9","hash":"319dda7b3043b0df239f29943af71b670414ed40"}
,"D:\\Проекты\\MODSEN 2022\\MeetUp-API\\routes\\auth.js": {"path":"D:\\Проекты\\MODSEN 2022\\MeetUp-API\\routes\\auth.js","statementMap":{"0":{"start":{"line":1,"column":15},"end":{"line":1,"column":33}},"1":{"start":{"line":2,"column":15},"end":{"line":2,"column":27}},"2":{"start":{"line":3,"column":17},"end":{"line":3,"column":36}},"3":{"start":{"line":4,"column":0},"end":{"line":4,"column":28}},"4":{"start":{"line":5,"column":22},"end":{"line":5,"column":47}},"5":{"start":{"line":6,"column":19},"end":{"line":6,"column":54}},"6":{"start":{"line":8,"column":0},"end":{"line":11,"column":5}},"7":{"start":{"line":13,"column":0},"end":{"line":13,"column":33}},"8":{"start":{"line":14,"column":0},"end":{"line":14,"column":30}},"9":{"start":{"line":16,"column":0},"end":{"line":16,"column":65}},"10":{"start":{"line":16,"column":30},"end":{"line":16,"column":63}},"11":{"start":{"line":17,"column":0},"end":{"line":17,"column":69}},"12":{"start":{"line":17,"column":36},"end":{"line":17,"column":67}},"13":{"start":{"line":18,"column":0},"end":{"line":18,"column":97}},"14":{"start":{"line":18,"column":46},"end":{"line":18,"column":95}},"15":{"start":{"line":20,"column":0},"end":{"line":21,"column":68}},"16":{"start":{"line":23,"column":0},"end":{"line":27,"column":5}},"17":{"start":{"line":26,"column":4},"end":{"line":26,"column":35}},"18":{"start":{"line":29,"column":0},"end":{"line":33,"column":2}},"19":{"start":{"line":30,"column":2},"end":{"line":30,"column":21}},"20":{"start":{"line":31,"column":2},"end":{"line":31,"column":15}},"21":{"start":{"line":32,"column":2},"end":{"line":32,"column":27}},"22":{"start":{"line":35,"column":0},"end":{"line":35,"column":24}}},"fnMap":{"0":{"name":"(anonymous_0)","decl":{"start":{"line":16,"column":16},"end":{"line":16,"column":17}},"loc":{"start":{"line":16,"column":30},"end":{"line":16,"column":63}},"line":16},"1":{"name":"(anonymous_1)","decl":{"start":{"line":17,"column":22},"end":{"line":17,"column":23}},"loc":{"start":{"line":17,"column":36},"end":{"line":17,"column":67}},"line":17},"2":{"name":"(anonymous_2)","decl":{"start":{"line":18,"column":32},"end":{"line":18,"column":33}},"loc":{"start":{"line":18,"column":46},"end":{"line":18,"column":95}},"line":18},"3":{"name":"(anonymous_3)","decl":{"start":{"line":25,"column":2},"end":{"line":25,"column":3}},"loc":{"start":{"line":25,"column":21},"end":{"line":27,"column":3}},"line":25},"4":{"name":"(anonymous_4)","decl":{"start":{"line":29,"column":22},"end":{"line":29,"column":23}},"loc":{"start":{"line":29,"column":36},"end":{"line":33,"column":1}},"line":29}},"branchMap":{},"s":{"0":3,"1":3,"2":3,"3":3,"4":3,"5":3,"6":3,"7":3,"8":3,"9":3,"10":0,"11":3,"12":0,"13":3,"14":0,"15":3,"16":3,"17":0,"18":3,"19":0,"20":0,"21":0,"22":3},"f":{"0":0,"1":0,"2":0,"3":0,"4":0},"b":{},"_coverageSchema":"1a1c01bbd47fc00a2c39e90264f33305004495a9","hash":"7fb3adb5670180d6cccd6eef18fe1086459f5127"}
,"D:\\Проекты\\MODSEN 2022\\MeetUp-API\\routes\\index.js": {"path":"D:\\Проекты\\MODSEN 2022\\MeetUp-API\\routes\\index.js","statementMap":{"0":{"start":{"line":1,"column":15},"end":{"line":1,"column":33}},"1":{"start":{"line":2,"column":15},"end":{"line":2,"column":27}},"2":{"start":{"line":3,"column":21},"end":{"line":3,"column":40}},"3":{"start":{"line":4,"column":19},"end":{"line":4,"column":36}},"4":{"start":{"line":5,"column":19},"end":{"line":5,"column":36}},"5":{"start":{"line":7,"column":0},"end":{"line":7,"column":33}},"6":{"start":{"line":8,"column":0},"end":{"line":8,"column":37}},"7":{"start":{"line":9,"column":0},"end":{"line":9,"column":32}},"8":{"start":{"line":10,"column":0},"end":{"line":10,"column":24}}},"fnMap":{},"branchMap":{},"s":{"0":3,"1":3,"2":3,"3":3,"4":3,"5":3,"6":3,"7":3,"8":3},"f":{},"b":{},"_coverageSchema":"1a1c01bbd47fc00a2c39e90264f33305004495a9","hash":"b73fc314b4babf3eb40fc7bb3e5abd104a3ebc16"}
,"D:\\Проекты\\MODSEN 2022\\MeetUp-API\\routes\\meetup.js": {"path":"D:\\Проекты\\MODSEN 2022\\MeetUp-API\\routes\\meetup.js","statementMap":{"0":{"start":{"line":1,"column":15},"end":{"line":1,"column":33}},"1":{"start":{"line":2,"column":15},"end":{"line":2,"column":27}},"2":{"start":{"line":3,"column":25},"end":{"line":3,"column":57}},"3":{"start":{"line":4,"column":18},"end":{"line":4,"column":62}},"4":{"start":{"line":6,"column":0},"end":{"line":6,"column":41}},"5":{"start":{"line":7,"column":0},"end":{"line":7,"column":44}},"6":{"start":{"line":8,"column":0},"end":{"line":8,"column":62}},"7":{"start":{"line":9,"column":0},"end":{"line":9,"column":66}},"8":{"start":{"line":10,"column":0},"end":{"line":10,"column":67}},"9":{"start":{"line":12,"column":0},"end":{"line":12,"column":24}}},"fnMap":{},"branchMap":{},"s":{"0":3,"1":3,"2":3,"3":3,"4":3,"5":3,"6":3,"7":3,"8":3,"9":3},"f":{},"b":{},"_coverageSchema":"1a1c01bbd47fc00a2c39e90264f33305004495a9","hash":"1b3062b99e933df3f81a003b00b45580842bffad"}
,"D:\\Проекты\\MODSEN 2022\\MeetUp-API\\routes\\user.js": {"path":"D:\\Проекты\\MODSEN 2022\\MeetUp-API\\routes\\user.js","statementMap":{"0":{"start":{"line":1,"column":15},"end":{"line":1,"column":33}},"1":{"start":{"line":2,"column":15},"end":{"line":2,"column":27}},"2":{"start":{"line":3,"column":23},"end":{"line":3,"column":53}},"3":{"start":{"line":4,"column":23},"end":{"line":4,"column":62}},"4":{"start":{"line":6,"column":0},"end":{"line":6,"column":58}},"5":{"start":{"line":7,"column":0},"end":{"line":7,"column":44}},"6":{"start":{"line":8,"column":0},"end":{"line":8,"column":58}},"7":{"start":{"line":10,"column":0},"end":{"line":10,"column":24}}},"fnMap":{},"branchMap":{},"s":{"0":3,"1":3,"2":3,"3":3,"4":3,"5":3,"6":3,"7":3},"f":{},"b":{},"_coverageSchema":"1a1c01bbd47fc00a2c39e90264f33305004495a9","hash":"9e592e7e7023b33e1d2119a4518ae06196050e6a"}
,"D:\\Проекты\\MODSEN 2022\\MeetUp-API\\service\\meetup.js": {"path":"D:\\Проекты\\MODSEN 2022\\MeetUp-API\\service\\meetup.js","statementMap":{"0":{"start":{"line":1,"column":19},"end":{"line":1,"column":46}},"1":{"start":{"line":2,"column":17},"end":{"line":2,"column":45}},"2":{"start":{"line":6,"column":4},"end":{"line":6,"column":21}},"3":{"start":{"line":7,"column":4},"end":{"line":7,"column":23}},"4":{"start":{"line":8,"column":4},"end":{"line":8,"column":21}},"5":{"start":{"line":9,"column":17},"end":{"line":9,"column":37}},"6":{"start":{"line":10,"column":21},"end":{"line":14,"column":5}},"7":{"start":{"line":16,"column":4},"end":{"line":59,"column":5}},"8":{"start":{"line":17,"column":6},"end":{"line":21,"column":7}},"9":{"start":{"line":18,"column":8},"end":{"line":20,"column":11}},"10":{"start":{"line":22,"column":6},"end":{"line":22,"column":56}},"11":{"start":{"line":23,"column":11},"end":{"line":59,"column":5}},"12":{"start":{"line":24,"column":6},"end":{"line":29,"column":7}},"13":{"start":{"line":25,"column":8},"end":{"line":28,"column":11}},"14":{"start":{"line":30,"column":6},"end":{"line":34,"column":9}},"15":{"start":{"line":35,"column":11},"end":{"line":59,"column":5}},"16":{"start":{"line":36,"column":6},"end":{"line":41,"column":7}},"17":{"start":{"line":37,"column":8},"end":{"line":40,"column":11}},"18":{"start":{"line":42,"column":6},"end":{"line":46,"column":9}},"19":{"start":{"line":47,"column":11},"end":{"line":59,"column":5}},"20":{"start":{"line":48,"column":6},"end":{"line":53,"column":7}},"21":{"start":{"line":49,"column":8},"end":{"line":52,"column":11}},"22":{"start":{"line":54,"column":6},"end":{"line":58,"column":9}},"23":{"start":{"line":60,"column":4},"end":{"line":62,"column":5}},"24":{"start":{"line":61,"column":6},"end":{"line":61,"column":49}},"25":{"start":{"line":63,"column":4},"end":{"line":63,"column":19}},"26":{"start":{"line":66,"column":17},"end":{"line":66,"column":56}},"27":{"start":{"line":67,"column":4},"end":{"line":69,"column":5}},"28":{"start":{"line":68,"column":6},"end":{"line":68,"column":49}},"29":{"start":{"line":70,"column":4},"end":{"line":70,"column":17}},"30":{"start":{"line":73,"column":4},"end":{"line":73,"column":39}},"31":{"start":{"line":76,"column":17},"end":{"line":76,"column":56}},"32":{"start":{"line":77,"column":4},"end":{"line":79,"column":5}},"33":{"start":{"line":78,"column":6},"end":{"line":78,"column":49}},"34":{"start":{"line":80,"column":19},"end":{"line":83,"column":5}},"35":{"start":{"line":84,"column":4},"end":{"line":84,"column":32}},"36":{"start":{"line":87,"column":17},"end":{"line":87,"column":56}},"37":{"start":{"line":88,"column":4},"end":{"line":90,"column":5}},"38":{"start":{"line":89,"column":6},"end":{"line":89,"column":49}},"39":{"start":{"line":91,"column":4},"end":{"line":91,"column":44}},"40":{"start":{"line":92,"column":4},"end":{"line":92,"column":13}},"41":{"start":{"line":96,"column":0},"end":{"line":96,"column":37}}},"fnMap":{"0":{"name":"(anonymous_0)","decl":{"start":{"line":5,"column":2},"end":{"line":5,"column":3}},"loc":{"start":{"line":5,"column":49},"end":{"line":64,"column":3}},"line":5},"1":{"name":"(anonymous_1)","decl":{"start":{"line":65,"column":2},"end":{"line":65,"column":3}},"loc":{"start":{"line":65,"column":19},"end":{"line":71,"column":3}},"line":65},"2":{"name":"(anonymous_2)","decl":{"start":{"line":72,"column":2},"end":{"line":72,"column":3}},"loc":{"start":{"line":72,"column":23},"end":{"line":74,"column":3}},"line":72},"3":{"name":"(anonymous_3)","decl":{"start":{"line":75,"column":2},"end":{"line":75,"column":3}},"loc":{"start":{"line":75,"column":32},"end":{"line":85,"column":3}},"line":75},"4":{"name":"(anonymous_4)","decl":{"start":{"line":86,"column":2},"end":{"line":86,"column":3}},"loc":{"start":{"line":86,"column":19},"end":{"line":93,"column":3}},"line":86}},"branchMap":{"0":{"loc":{"start":{"line":6,"column":11},"end":{"line":6,"column":20}},"type":"binary-expr","locations":[{"start":{"line":6,"column":11},"end":{"line":6,"column":15}},{"start":{"line":6,"column":19},"end":{"line":6,"column":20}}],"line":6},"1":{"loc":{"start":{"line":7,"column":12},"end":{"line":7,"column":22}},"type":"binary-expr","locations":[{"start":{"line":7,"column":12},"end":{"line":7,"column":17}},{"start":{"line":7,"column":21},"end":{"line":7,"column":22}}],"line":7},"2":{"loc":{"start":{"line":8,"column":11},"end":{"line":8,"column":20}},"type":"binary-expr","locations":[{"start":{"line":8,"column":11},"end":{"line":8,"column":15}},{"start":{"line":8,"column":19},"end":{"line":8,"column":20}}],"line":8},"3":{"loc":{"start":{"line":16,"column":4},"end":{"line":59,"column":5}},"type":"if","locations":[{"start":{"line":16,"column":4},"end":{"line":59,"column":5}},{"start":{"line":23,"column":11},"end":{"line":59,"column":5}}],"line":16},"4":{"loc":{"start":{"line":16,"column":8},"end":{"line":16,"column":25}},"type":"binary-expr","locations":[{"start":{"line":16,"column":8},"end":{"line":16,"column":14}},{"start":{"line":16,"column":18},"end":{"line":16,"column":25}}],"line":16},"5":{"loc":{"start":{"line":17,"column":6},"end":{"line":21,"column":7}},"type":"if","locations":[{"start":{"line":17,"column":6},"end":{"line":21,"column":7}},{"start":{},"end":{}}],"line":17},"6":{"loc":{"start":{"line":23,"column":11},"end":{"line":59,"column":5}},"type":"if","locations":[{"start":{"line":23,"column":11},"end":{"line":59,"column":5}},{"start":{"line":35,"column":11},"end":{"line":59,"column":5}}],"line":23},"7":{"loc":{"start":{"line":23,"column":15},"end":{"line":23,"column":31}},"type":"binary-expr","locations":[{"start":{"line":23,"column":15},"end":{"line":23,"column":20}},{"start":{"line":23,"column":24},"end":{"line":23,"column":31}}],"line":23},"8":{"loc":{"start":{"line":24,"column":6},"end":{"line":29,"column":7}},"type":"if","locations":[{"start":{"line":24,"column":6},"end":{"line":29,"column":7}},{"start":{},"end":{}}],"line":24},"9":{"loc":{"start":{"line":35,"column":11},"end":{"line":59,"column":5}},"type":"if","locations":[{"start":{"line":35,"column":11},"end":{"line":59,"column":5}},{"start":{"line":47,"column":11},"end":{"line":59,"column":5}}],"line":35},"10":{"loc":{"start":{"line":35,"column":15},"end":{"line":35,"column":31}},"type":"binary-expr","locations":[{"start":{"line":35,"column":15},"end":{"line":35,"column":21}},{"start":{"line":35,"column":25},"end":{"line":35,"column":31}}],"line":35},"11":{"loc":{"start":{"line":36,"column":6},"end":{"line":41,"column":7}},"type":"if","locations":[{"start":{"line":36,"column":6},"end":{"line":41,"column":7}},{"start":{},"end":{}}],"line":36},"12":{"loc":{"start":{"line":47,"column":11},"end":{"line":59,"column":5}},"type":"if","locations":[{"start":{"line":47,"column":11},"end":{"line":59,"column":5}},{"start":{},"end":{}}],"line":47},"13":{"loc":{"start":{"line":47,"column":15},"end":{"line":47,"column":30}},"type":"binary-expr","locations":[{"start":{"line":47,"column":15},"end":{"line":47,"column":20}},{"start":{"line":47,"column":24},"end":{"line":47,"column":30}}],"line":47},"14":{"loc":{"start":{"line":48,"column":6},"end":{"line":53,"column":7}},"type":"if","locations":[{"start":{"line":48,"column":6},"end":{"line":53,"column":7}},{"start":{},"end":{}}],"line":48},"15":{"loc":{"start":{"line":60,"column":4},"end":{"line":62,"column":5}},"type":"if","locations":[{"start":{"line":60,"column":4},"end":{"line":62,"column":5}},{"start":{},"end":{}}],"line":60},"16":{"loc":{"start":{"line":67,"column":4},"end":{"line":69,"column":5}},"type":"if","locations":[{"start":{"line":67,"column":4},"end":{"line":69,"column":5}},{"start":{},"end":{}}],"line":67},"17":{"loc":{"start":{"line":77,"column":4},"end":{"line":79,"column":5}},"type":"if","locations":[{"start":{"line":77,"column":4},"end":{"line":79,"column":5}},{"start":{},"end":{}}],"line":77},"18":{"loc":{"start":{"line":88,"column":4},"end":{"line":90,"column":5}},"type":"if","locations":[{"start":{"line":88,"column":4},"end":{"line":90,"column":5}},{"start":{},"end":{}}],"line":88}},"s":{"0":3,"1":3,"2":5,"3":5,"4":5,"5":5,"6":5,"7":5,"8":1,"9":0,"10":1,"11":4,"12":2,"13":0,"14":2,"15":2,"16":1,"17":0,"18":1,"19":1,"20":1,"21":0,"22":1,"23":5,"24":1,"25":4,"26":29,"27":29,"28":2,"29":27,"30":46,"31":4,"32":4,"33":2,"34":2,"35":2,"36":48,"37":48,"38":2,"39":46,"40":46,"41":3},"f":{"0":5,"1":29,"2":46,"3":4,"4":48},"b":{"0":[5,5],"1":[5,5],"2":[5,5],"3":[1,4],"4":[5,2],"5":[0,1],"6":[2,2],"7":[4,3],"8":[0,2],"9":[1,1],"10":[2,1],"11":[0,1],"12":[1,0],"13":[1,1],"14":[0,1],"15":[1,4],"16":[2,27],"17":[2,2],"18":[2,46]},"_coverageSchema":"1a1c01bbd47fc00a2c39e90264f33305004495a9","hash":"dd826339036b5b9faef2c3ffc653424c5209f7c8"}
,"D:\\Проекты\\MODSEN 2022\\MeetUp-API\\service\\user.js": {"path":"D:\\Проекты\\MODSEN 2022\\MeetUp-API\\service\\user.js","statementMap":{"0":{"start":{"line":1,"column":17},"end":{"line":1,"column":45}},"1":{"start":{"line":2,"column":17},"end":{"line":2,"column":44}},"2":{"start":{"line":3,"column":15},"end":{"line":3,"column":32}},"3":{"start":{"line":4,"column":12},"end":{"line":4,"column":35}},"4":{"start":{"line":6,"column":20},"end":{"line":10,"column":1}},"5":{"start":{"line":7,"column":2},"end":{"line":9,"column":5}},"6":{"start":{"line":14,"column":22},"end":{"line":14,"column":62}},"7":{"start":{"line":15,"column":4},"end":{"line":17,"column":5}},"8":{"start":{"line":16,"column":6},"end":{"line":16,"column":72}},"9":{"start":{"line":18,"column":25},"end":{"line":18,"column":55}},"10":{"start":{"line":19,"column":17},"end":{"line":19,"column":75}},"11":{"start":{"line":20,"column":4},"end":{"line":20,"column":55}},"12":{"start":{"line":23,"column":22},"end":{"line":23,"column":62}},"13":{"start":{"line":24,"column":4},"end":{"line":26,"column":5}},"14":{"start":{"line":25,"column":6},"end":{"line":25,"column":75}},"15":{"start":{"line":27,"column":25},"end":{"line":27,"column":55}},"16":{"start":{"line":28,"column":17},"end":{"line":28,"column":75}},"17":{"start":{"line":29,"column":4},"end":{"line":29,"column":55}},"18":{"start":{"line":32,"column":17},"end":{"line":32,"column":57}},"19":{"start":{"line":33,"column":4},"end":{"line":35,"column":5}},"20":{"start":{"line":34,"column":6},"end":{"line":34,"column":75}},"21":{"start":{"line":36,"column":26},"end":{"line":36,"column":69}},"22":{"start":{"line":37,"column":4},"end":{"line":39,"column":5}},"23":{"start":{"line":38,"column":6},"end":{"line":38,"column":52}},"24":{"start":{"line":40,"column":4},"end":{"line":40,"column":55}},"25":{"start":{"line":43,"column":4},"end":{"line":43,"column":55}},"26":{"start":{"line":46,"column":4},"end":{"line":46,"column":42}},"27":{"start":{"line":50,"column":0},"end":{"line":50,"column":35}}},"fnMap":{"0":{"name":"(anonymous_0)","decl":{"start":{"line":6,"column":20},"end":{"line":6,"column":21}},"loc":{"start":{"line":6,"column":41},"end":{"line":10,"column":1}},"line":6},"1":{"name":"(anonymous_1)","decl":{"start":{"line":13,"column":2},"end":{"line":13,"column":3}},"loc":{"start":{"line":13,"column":49},"end":{"line":21,"column":3}},"line":13},"2":{"name":"(anonymous_2)","decl":{"start":{"line":22,"column":2},"end":{"line":22,"column":3}},"loc":{"start":{"line":22,"column":44},"end":{"line":30,"column":3}},"line":22},"3":{"name":"(anonymous_3)","decl":{"start":{"line":31,"column":2},"end":{"line":31,"column":3}},"loc":{"start":{"line":31,"column":31},"end":{"line":41,"column":3}},"line":31},"4":{"name":"(anonymous_4)","decl":{"start":{"line":42,"column":2},"end":{"line":42,"column":3}},"loc":{"start":{"line":42,"column":20},"end":{"line":44,"column":3}},"line":42},"5":{"name":"(anonymous_5)","decl":{"start":{"line":45,"column":2},"end":{"line":45,"column":3}},"loc":{"start":{"line":45,"column":18},"end":{"line":47,"column":3}},"line":45}},"branchMap":{"0":{"loc":{"start":{"line":13,"column":36},"end":{"line":13,"column":47}},"type":"default-arg","locations":[{"start":{"line":13,"column":41},"end":{"line":13,"column":47}}],"line":13},"1":{"loc":{"start":{"line":15,"column":4},"end":{"line":17,"column":5}},"type":"if","locations":[{"start":{"line":15,"column":4},"end":{"line":17,"column":5}},{"start":{},"end":{}}],"line":15},"2":{"loc":{"start":{"line":24,"column":4},"end":{"line":26,"column":5}},"type":"if","locations":[{"start":{"line":24,"column":4},"end":{"line":26,"column":5}},{"start":{},"end":{}}],"line":24},"3":{"loc":{"start":{"line":33,"column":4},"end":{"line":35,"column":5}},"type":"if","locations":[{"start":{"line":33,"column":4},"end":{"line":35,"column":5}},{"start":{},"end":{}}],"line":33},"4":{"loc":{"start":{"line":37,"column":4},"end":{"line":39,"column":5}},"type":"if","locations":[{"start":{"line":37,"column":4},"end":{"line":39,"column":5}},{"start":{},"end":{}}],"line":37}},"s":{"0":4,"1":4,"2":4,"3":4,"4":4,"5":30,"6":1,"7":1,"8":0,"9":1,"10":1,"11":1,"12":27,"13":27,"14":1,"15":26,"16":26,"17":26,"18":3,"19":3,"20":1,"21":2,"22":2,"23":1,"24":1,"25":2,"26":27,"27":4},"f":{"0":30,"1":1,"2":27,"3":3,"4":2,"5":27},"b":{"0":[1],"1":[0,1],"2":[1,26],"3":[1,2],"4":[1,1]},"_coverageSchema":"1a1c01bbd47fc00a2c39e90264f33305004495a9","hash":"ef9ddb0228f4347bfe684091a3321cdb7d6bbe94"}
}
