TN:
SF:db.js
FN:12,(anonymous_0)
FNF:1
FNH:1
FNDA:270,(anonymous_0)
DA:1,4
DA:2,4
DA:4,4
DA:12,270
LF:4
LH:4
BRF:0
BRH:0
end_of_record
TN:
SF:passport-setup.js
FN:6,(anonymous_0)
FN:9,(anonymous_1)
FN:19,(anonymous_2)
FNF:3
FNH:0
FNDA:0,(anonymous_0)
FNDA:0,(anonymous_1)
FNDA:0,(anonymous_2)
DA:1,3
DA:2,3
DA:3,3
DA:4,3
DA:6,3
DA:7,0
DA:9,3
DA:10,0
DA:13,3
DA:20,0
DA:21,0
DA:22,0
DA:29,0
LF:13
LH:7
BRF:0
BRH:0
end_of_record
TN:
SF:server.js
FN:12,(anonymous_0)
FNF:1
FNH:1
FNDA:3,(anonymous_0)
DA:1,3
DA:2,3
DA:3,3
DA:4,3
DA:5,3
DA:6,3
DA:7,3
DA:8,3
DA:10,3
DA:12,3
DA:13,3
DA:14,3
DA:15,3
DA:16,3
DA:17,3
DA:18,3
DA:19,3
DA:22,3
LF:18
LH:18
BRF:0
BRH:0
end_of_record
TN:
SF:controllers\meetup.js
FN:6,(anonymous_0)
FN:9,(anonymous_1)
FN:28,(anonymous_2)
FN:45,(anonymous_3)
FN:59,(anonymous_4)
FN:78,(anonymous_5)
FNF:6
FNH:6
FNDA:21,(anonymous_0)
FNDA:6,(anonymous_1)
FNDA:3,(anonymous_2)
FNDA:22,(anonymous_3)
FNDA:3,(anonymous_4)
FNDA:3,(anonymous_5)
DA:1,3
DA:2,3
DA:3,3
DA:4,3
DA:6,21
DA:9,3
DA:10,6
DA:13,6
DA:14,6
DA:15,5
DA:16,4
DA:18,2
DA:19,1
DA:21,1
DA:22,1
DA:24,0
DA:29,3
DA:30,3
DA:31,3
DA:32,2
DA:33,1
DA:35,2
DA:36,1
DA:38,1
DA:39,1
DA:41,0
DA:46,22
DA:47,22
DA:48,21
DA:49,21
DA:50,21
DA:52,1
DA:53,1
DA:55,0
DA:60,3
DA:61,3
DA:62,3
DA:63,3
DA:64,2
DA:65,2
DA:66,1
DA:68,2
DA:69,1
DA:71,1
DA:72,1
DA:74,0
DA:79,3
DA:80,3
DA:81,3
DA:82,2
DA:83,1
DA:85,2
DA:86,1
DA:88,1
DA:89,1
DA:91,0
DA:96,3
LF:57
LH:52
BRDA:18,0,0,1
BRDA:18,0,1,1
BRDA:21,1,0,1
BRDA:21,1,1,0
BRDA:35,2,0,1
BRDA:35,2,1,1
BRDA:38,3,0,1
BRDA:38,3,1,0
BRDA:52,4,0,1
BRDA:52,4,1,0
BRDA:68,5,0,1
BRDA:68,5,1,1
BRDA:71,6,0,1
BRDA:71,6,1,0
BRDA:85,7,0,1
BRDA:85,7,1,1
BRDA:88,8,0,1
BRDA:88,8,1,0
BRF:18
BRH:13
end_of_record
TN:
SF:controllers\user.js
FN:6,(anonymous_0)
FN:26,(anonymous_1)
FN:43,(anonymous_2)
FNF:3
FNH:3
FNDA:4,(anonymous_0)
FNDA:4,(anonymous_1)
FNDA:2,(anonymous_2)
DA:1,3
DA:2,3
DA:3,3
DA:7,4
DA:8,4
DA:9,4
DA:10,3
DA:11,1
DA:13,2
DA:14,1
DA:16,2
DA:17,1
DA:19,1
DA:20,1
DA:22,0
DA:27,4
DA:28,4
DA:29,4
DA:30,3
DA:31,1
DA:33,3
DA:34,1
DA:36,2
DA:37,2
DA:39,0
DA:44,2
DA:45,2
DA:49,3
LF:28
LH:26
BRDA:10,0,0,1
BRDA:10,0,1,2
BRDA:10,1,0,3
BRDA:10,1,1,1
BRDA:16,2,0,1
BRDA:16,2,1,1
BRDA:19,3,0,1
BRDA:19,3,1,0
BRDA:33,4,0,1
BRDA:33,4,1,2
BRDA:36,5,0,2
BRDA:36,5,1,0
BRF:12
BRH:10
end_of_record
TN:
SF:dto\meetup.dto.js
FNF:0
FNH:0
DA:1,3
DA:3,3
DA:10,3
DA:18,3
DA:22,3
LF:5
LH:5
BRF:0
BRH:0
end_of_record
TN:
SF:dto\user.dto.js
FNF:0
FNH:0
DA:1,3
DA:3,3
DA:12,3
LF:3
LH:3
BRF:0
BRH:0
end_of_record
TN:
SF:error\apiError.js
FN:2,(anonymous_0)
FN:8,(anonymous_1)
FN:14,(anonymous_2)
FN:20,(anonymous_3)
FNF:4
FNH:3
FNDA:18,(anonymous_0)
FNDA:10,(anonymous_1)
FNDA:0,(anonymous_2)
FNDA:8,(anonymous_3)
DA:3,18
DA:4,18
DA:5,18
DA:9,10
DA:10,10
DA:11,10
DA:15,0
DA:16,0
DA:17,0
DA:21,8
DA:22,8
DA:23,8
DA:26,4
LF:13
LH:10
BRF:0
BRH:0
end_of_record
TN:
SF:log\log.js
FN:3,(anonymous_0)
FNF:1
FNH:1
FNDA:278,(anonymous_0)
DA:1,4
DA:3,278
DA:5,4
DA:13,4
LF:4
LH:4
BRF:0
BRH:0
end_of_record
TN:
SF:middleware\authMiddleware.js
FN:3,(anonymous_0)
FNF:1
FNH:1
FNDA:2,(anonymous_0)
DA:1,3
DA:3,3
DA:4,2
DA:5,0
DA:7,2
DA:8,2
DA:9,2
DA:10,0
DA:12,2
DA:13,2
DA:14,2
DA:16,0
LF:12
LH:9
BRDA:4,0,0,0
BRDA:4,0,1,2
BRDA:9,1,0,0
BRDA:9,1,1,2
BRF:4
BRH:2
end_of_record
TN:
SF:middleware\checkRoleMiddleware.js
FN:3,(anonymous_0)
FN:4,(anonymous_1)
FNF:2
FNH:2
FNDA:9,(anonymous_0)
FNDA:31,(anonymous_1)
DA:1,3
DA:3,3
DA:4,9
DA:5,31
DA:6,0
DA:8,31
DA:9,31
DA:10,29
DA:11,0
DA:13,29
DA:14,29
DA:15,1
DA:19,28
DA:20,28
DA:22,2
LF:15
LH:13
BRDA:5,0,0,0
BRDA:5,0,1,31
BRDA:10,1,0,0
BRDA:10,1,1,29
BRDA:14,2,0,1
BRDA:14,2,1,28
BRF:6
BRH:4
end_of_record
TN:
SF:middleware\errorHandlingMidleware.js
FN:4,(anonymous_0)
FNF:1
FNH:1
FNDA:8,(anonymous_0)
DA:1,3
DA:2,3
DA:4,3
DA:5,8
DA:6,8
DA:7,8
DA:9,0
DA:10,0
LF:8
LH:6
BRDA:5,0,0,8
BRDA:5,0,1,0
BRF:2
BRH:1
end_of_record
TN:
SF:middleware\isLoggedIn.js
FN:1,(anonymous_0)
FNF:1
FNH:1
FNDA:2,(anonymous_0)
DA:1,4
DA:2,2
LF:2
LH:2
BRDA:2,0,0,1
BRDA:2,0,1,1
BRF:2
BRH:2
end_of_record
TN:
SF:models\models.js
FNF:0
FNH:0
DA:1,4
DA:2,4
DA:4,4
DA:11,4
DA:18,4
DA:19,4
DA:21,4
LF:7
LH:7
BRF:0
BRH:0
end_of_record
TN:
SF:routes\auth.js
FN:17,(anonymous_0)
FN:18,(anonymous_1)
FN:19,(anonymous_2)
FN:29,(anonymous_3)
FN:34,(anonymous_4)
FNF:5
FNH:0
FNDA:0,(anonymous_0)
FNDA:0,(anonymous_1)
FNDA:0,(anonymous_2)
FNDA:0,(anonymous_3)
FNDA:0,(anonymous_4)
DA:1,3
DA:3,3
DA:4,3
DA:5,3
DA:6,3
DA:7,3
DA:9,3
DA:14,3
DA:15,3
DA:17,3
DA:18,3
DA:19,3
DA:21,3
DA:26,3
DA:30,0
DA:34,3
DA:35,0
DA:36,0
DA:37,0
DA:40,3
LF:20
LH:16
BRF:0
BRH:0
end_of_record
TN:
SF:routes\index.js
FNF:0
FNH:0
DA:1,3
DA:3,3
DA:4,3
DA:5,3
DA:6,3
DA:8,3
DA:9,3
DA:10,3
DA:11,3
LF:9
LH:9
BRF:0
BRH:0
end_of_record
TN:
SF:routes\meetup.js
FNF:0
FNH:0
DA:1,3
DA:3,3
DA:4,3
DA:5,3
DA:7,3
DA:8,3
DA:9,3
DA:10,3
DA:11,3
DA:13,3
LF:10
LH:10
BRF:0
BRH:0
end_of_record
TN:
SF:routes\user.js
FNF:0
FNH:0
DA:1,3
DA:3,3
DA:4,3
DA:5,3
DA:7,3
DA:8,3
DA:9,3
DA:11,3
LF:8
LH:8
BRF:0
BRH:0
end_of_record
TN:
SF:service\meetup.js
FN:5,(anonymous_0)
FN:66,(anonymous_1)
FN:74,(anonymous_2)
FN:79,(anonymous_3)
FN:91,(anonymous_4)
FNF:5
FNH:5
FNDA:5,(anonymous_0)
FNDA:29,(anonymous_1)
FNDA:46,(anonymous_2)
FNDA:4,(anonymous_3)
FNDA:48,(anonymous_4)
DA:1,3
DA:2,3
DA:6,5
DA:7,5
DA:8,5
DA:9,5
DA:10,5
DA:16,5
DA:17,1
DA:18,0
DA:22,1
DA:23,4
DA:24,2
DA:25,0
DA:30,2
DA:35,2
DA:36,1
DA:37,0
DA:42,1
DA:47,1
DA:48,1
DA:49,0
DA:54,1
DA:60,5
DA:61,1
DA:63,4
DA:67,29
DA:68,29
DA:69,2
DA:71,27
DA:75,46
DA:76,46
DA:80,4
DA:81,4
DA:82,2
DA:84,2
DA:88,2
DA:92,48
DA:93,48
DA:94,2
DA:96,46
DA:97,46
DA:101,3
LF:43
LH:39
BRDA:6,0,0,5
BRDA:6,0,1,5
BRDA:7,1,0,5
BRDA:7,1,1,5
BRDA:8,2,0,5
BRDA:8,2,1,5
BRDA:16,3,0,1
BRDA:16,3,1,4
BRDA:16,4,0,5
BRDA:16,4,1,2
BRDA:17,5,0,0
BRDA:17,5,1,1
BRDA:23,6,0,2
BRDA:23,6,1,2
BRDA:23,7,0,4
BRDA:23,7,1,3
BRDA:24,8,0,0
BRDA:24,8,1,2
BRDA:35,9,0,1
BRDA:35,9,1,1
BRDA:35,10,0,2
BRDA:35,10,1,1
BRDA:36,11,0,0
BRDA:36,11,1,1
BRDA:47,12,0,1
BRDA:47,12,1,0
BRDA:47,13,0,1
BRDA:47,13,1,1
BRDA:48,14,0,0
BRDA:48,14,1,1
BRDA:60,15,0,1
BRDA:60,15,1,4
BRDA:68,16,0,2
BRDA:68,16,1,27
BRDA:81,17,0,2
BRDA:81,17,1,2
BRDA:93,18,0,2
BRDA:93,18,1,46
BRF:38
BRH:33
end_of_record
TN:
SF:service\user.js
FN:6,(anonymous_0)
FN:11,(anonymous_1)
FN:21,(anonymous_2)
FN:31,(anonymous_3)
FN:43,(anonymous_4)
FN:47,(anonymous_5)
FNF:6
FNH:6
FNDA:30,(anonymous_0)
FNDA:1,(anonymous_1)
FNDA:27,(anonymous_2)
FNDA:3,(anonymous_3)
FNDA:2,(anonymous_4)
FNDA:27,(anonymous_5)
DA:1,4
DA:2,4
DA:3,4
DA:4,4
DA:6,30
DA:12,1
DA:13,1
DA:14,0
DA:16,1
DA:17,1
DA:18,1
DA:22,27
DA:23,27
DA:24,1
DA:26,26
DA:27,26
DA:28,26
DA:32,3
DA:33,3
DA:34,1
DA:36,2
DA:37,2
DA:38,1
DA:40,1
DA:44,2
DA:48,27
DA:52,4
LF:27
LH:26
BRDA:11,0,0,1
BRDA:13,1,0,0
BRDA:13,1,1,1
BRDA:23,2,0,1
BRDA:23,2,1,26
BRDA:33,3,0,1
BRDA:33,3,1,2
BRDA:37,4,0,1
BRDA:37,4,1,1
BRF:9
BRH:8
end_of_record
